<?xml version="1.0" encoding="UTF-8"?>
<!-- Generated by org.testng.reporters.JUnitXMLReporter -->
<testsuite hostname="Yogesh-PC" name="AllClassesFromPackage" tests="18" failures="8" timestamp="19 May 2019 05:23:18 GMT" time="554.829" errors="0">
  <testcase name="testList" time="0.249" classname="Basic.B18MySelectionList">
    <failure type="java.lang.IllegalStateException" message="The driver executable does not exist: D:\Training\TrainingContent\SeleniumJars_Software\geckodriver-v0.18.0-win64\geckodriver.exe">
      <![CDATA[java.lang.IllegalStateException: The driver executable does not exist: D:\Training\TrainingContent\SeleniumJars_Software\geckodriver-v0.18.0-win64\geckodriver.exe
	at com.google.common.base.Preconditions.checkState(Preconditions.java:585)
	at org.openqa.selenium.remote.service.DriverService.checkExecutable(DriverService.java:146)
	at org.openqa.selenium.remote.service.DriverService.findExecutable(DriverService.java:141)
	at org.openqa.selenium.firefox.GeckoDriverService.access$100(GeckoDriverService.java:44)
	at org.openqa.selenium.firefox.GeckoDriverService$Builder.findDefaultExecutable(GeckoDriverService.java:167)
	at org.openqa.selenium.remote.service.DriverService$Builder.build(DriverService.java:355)
	at org.openqa.selenium.firefox.FirefoxDriver.toExecutor(FirefoxDriver.java:190)
	at org.openqa.selenium.firefox.FirefoxDriver.<init>(FirefoxDriver.java:147)
	at org.openqa.selenium.firefox.FirefoxDriver.<init>(FirefoxDriver.java:125)
	at Basic.B18MySelectionList.testList(B18MySelectionList.java:18)
... Removed 24 stack frames]]>
    </failure>
  </testcase> <!-- testList -->
  <testcase name="test" time="20.681" classname="Basic.myalertandConfirmation">
    <failure type="java.lang.AssertionError" message="expected [I am an alert box!] but found [Press a Button !]">
      <![CDATA[java.lang.AssertionError: expected [I am an alert box!] but found [Press a Button !]
	at Basic.myalertandConfirmation.test(myalertandConfirmation.java:34)
... Removed 30 stack frames]]>
    </failure>
  </testcase> <!-- test -->
  <testcase name="test" time="38.771" classname="Basic.Myassignment"/>
  <testcase name="test" time="28.695" classname="Basic.Myattachment"/>
  <testcase name="myDownload" time="33.63" classname="Basic.MyDownload"/>
  <testcase name="test" time="13.752" classname="Basic.MyDragAndDrop"/>
  <testcase name="myFirstScriptFF1" time="2.953" classname="Basic.MyfirstseleniumscriptChrome"/>
  <testcase name="myFirstScriptFF" time="42.16" classname="Basic.Myfirstseleniumscriptfirefox">
    <failure type="java.lang.AssertionError" message="  documentation1 tab missingabout1 tab missing expected [true] but found [false]">
      <![CDATA[java.lang.AssertionError:   documentation1 tab missingabout1 tab missing expected [true] but found [false]
	at Basic.Myfirstseleniumscriptfirefox.myFirstScriptFF(Myfirstseleniumscriptfirefox.java:46)
... Removed 27 stack frames]]>
    </failure>
  </testcase> <!-- myFirstScriptFF -->
  <testcase name="myFirstScriptFF1" time="8.389" classname="Basic.MyfirstseleniumscriptIE"/>
  <testcase name="testForm" time="40.217" classname="Basic.MyForm1test"/>
  <testcase name="myFirstScriptFF" time="49.541" classname="Basic.myFormTest">
    <failure type="org.openqa.selenium.InvalidSelectorException" message="Given xpath expression &amp;quot;//div/input[@placeholder=First Name]&amp;quot; is invalid: SyntaxError: The expression is not a legal expression.
For documentation on this error, please visit: https://www.seleniumhq.org/exceptions/invalid_selector_exception.html
Build info: version: &amp;apos;3.141.59&amp;apos;, revision: &amp;apos;e82be7d358&amp;apos;, time: &amp;apos;2018-11-14T08:25:53&amp;apos;
System info: host: &amp;apos;YOGESH-PC&amp;apos;, ip: &amp;apos;192.168.0.132&amp;apos;, os.name: &amp;apos;Windows 7&amp;apos;, os.arch: &amp;apos;amd64&amp;apos;, os.version: &amp;apos;6.1&amp;apos;, java.version: &amp;apos;1.8.0_191&amp;apos;
Driver info: org.openqa.selenium.firefox.FirefoxDriver
Capabilities {acceptInsecureCerts: true, browserName: firefox, browserVersion: 53.0.3, javascriptEnabled: true, moz:accessibilityChecks: false, moz:processID: 7924, moz:profile: C:\Users\Yogesh\AppData\Loc..., pageLoadStrategy: normal, platform: XP, platformName: XP, platformVersion: 6.1, rotatable: false, specificationLevel: 0, timeouts: {implicit: 0, pageLoad: 300000, script: 30000}}
Session ID: ed5777a8-4c69-48a8-9918-098bc507888c
*** Element info: {Using=xpath, value=//div/input[@placeholder=First Name]}">
      <![CDATA[org.openqa.selenium.InvalidSelectorException: Given xpath expression "//div/input[@placeholder=First Name]" is invalid: SyntaxError: The expression is not a legal expression.
For documentation on this error, please visit: https://www.seleniumhq.org/exceptions/invalid_selector_exception.html
Build info: version: '3.141.59', revision: 'e82be7d358', time: '2018-11-14T08:25:53'
System info: host: 'YOGESH-PC', ip: '192.168.0.132', os.name: 'Windows 7', os.arch: 'amd64', os.version: '6.1', java.version: '1.8.0_191'
Driver info: org.openqa.selenium.firefox.FirefoxDriver
Capabilities {acceptInsecureCerts: true, browserName: firefox, browserVersion: 53.0.3, javascriptEnabled: true, moz:accessibilityChecks: false, moz:processID: 7924, moz:profile: C:\Users\Yogesh\AppData\Loc..., pageLoadStrategy: normal, platform: XP, platformName: XP, platformVersion: 6.1, rotatable: false, specificationLevel: 0, timeouts: {implicit: 0, pageLoad: 300000, script: 30000}}
Session ID: ed5777a8-4c69-48a8-9918-098bc507888c
*** Element info: {Using=xpath, value=//div/input[@placeholder=First Name]}
	at org.openqa.selenium.remote.http.W3CHttpResponseCodec.createException(W3CHttpResponseCodec.java:187)
	at org.openqa.selenium.remote.http.W3CHttpResponseCodec.decode(W3CHttpResponseCodec.java:122)
	at org.openqa.selenium.remote.http.W3CHttpResponseCodec.decode(W3CHttpResponseCodec.java:49)
	at org.openqa.selenium.remote.HttpCommandExecutor.execute(HttpCommandExecutor.java:158)
	at org.openqa.selenium.remote.service.DriverCommandExecutor.execute(DriverCommandExecutor.java:83)
	at org.openqa.selenium.remote.RemoteWebDriver.execute(RemoteWebDriver.java:552)
	at org.openqa.selenium.remote.RemoteWebDriver.findElement(RemoteWebDriver.java:323)
	at org.openqa.selenium.remote.RemoteWebDriver.findElementByXPath(RemoteWebDriver.java:428)
	at org.openqa.selenium.By$ByXPath.findElement(By.java:353)
	at org.openqa.selenium.remote.RemoteWebDriver.findElement(RemoteWebDriver.java:315)
	at Basic.myFormTest.myFirstScriptFF(myFormTest.java:17)
... Removed 28 stack frames]]>
    </failure>
  </testcase> <!-- myFirstScriptFF -->
  <testcase name="test" time="39.793" classname="Basic.myIframe">
    <failure type="org.openqa.selenium.NoSuchElementException" message="no such element: Unable to locate element: {&amp;quot;method&amp;quot;:&amp;quot;xpath&amp;quot;,&amp;quot;selector&amp;quot;:&amp;quot;//a[@class=&amp;apos;dt-mobile-menu-icon&amp;apos;]&amp;quot;}
  (Session info: chrome=74.0.3729.157)
  (Driver info: chromedriver=2.39.562718 (9a2698cba08cf5a471a29d30c8b3e12becabb0e9),platform=Windows NT 6.1.7601 SP1 x86_64) (WARNING: The server did not provide any stacktrace information)
Command duration or timeout: 0 milliseconds
For documentation on this error, please visit: https://www.seleniumhq.org/exceptions/no_such_element.html
Build info: version: &amp;apos;3.141.59&amp;apos;, revision: &amp;apos;e82be7d358&amp;apos;, time: &amp;apos;2018-11-14T08:25:53&amp;apos;
System info: host: &amp;apos;YOGESH-PC&amp;apos;, ip: &amp;apos;192.168.0.132&amp;apos;, os.name: &amp;apos;Windows 7&amp;apos;, os.arch: &amp;apos;amd64&amp;apos;, os.version: &amp;apos;6.1&amp;apos;, java.version: &amp;apos;1.8.0_191&amp;apos;
Driver info: org.openqa.selenium.chrome.ChromeDriver
Capabilities {acceptInsecureCerts: false, acceptSslCerts: false, applicationCacheEnabled: false, browserConnectionEnabled: false, browserName: chrome, chrome: {chromedriverVersion: 2.39.562718 (9a2698cba08cf5..., userDataDir: C:\Users\Yogesh\AppData\Loc...}, cssSelectorsEnabled: true, databaseEnabled: false, handlesAlerts: true, hasTouchScreen: false, javascriptEnabled: true, locationContextEnabled: true, mobileEmulationEnabled: false, nativeEvents: true, networkConnectionEnabled: false, pageLoadStrategy: normal, platform: XP, platformName: XP, rotatable: false, setWindowRect: true, takesHeapSnapshot: true, takesScreenshot: true, unexpectedAlertBehaviour: , unhandledPromptBehavior: , version: 74.0.3729.157, webStorageEnabled: true}
Session ID: e9ea44e5e443959039e4d6a776ca9a08
*** Element info: {Using=xpath, value=//a[@class=&amp;apos;dt-mobile-menu-icon&amp;apos;]}">
      <![CDATA[org.openqa.selenium.NoSuchElementException: no such element: Unable to locate element: {"method":"xpath","selector":"//a[@class='dt-mobile-menu-icon']"}
  (Session info: chrome=74.0.3729.157)
  (Driver info: chromedriver=2.39.562718 (9a2698cba08cf5a471a29d30c8b3e12becabb0e9),platform=Windows NT 6.1.7601 SP1 x86_64) (WARNING: The server did not provide any stacktrace information)
Command duration or timeout: 0 milliseconds
For documentation on this error, please visit: https://www.seleniumhq.org/exceptions/no_such_element.html
Build info: version: '3.141.59', revision: 'e82be7d358', time: '2018-11-14T08:25:53'
System info: host: 'YOGESH-PC', ip: '192.168.0.132', os.name: 'Windows 7', os.arch: 'amd64', os.version: '6.1', java.version: '1.8.0_191'
Driver info: org.openqa.selenium.chrome.ChromeDriver
Capabilities {acceptInsecureCerts: false, acceptSslCerts: false, applicationCacheEnabled: false, browserConnectionEnabled: false, browserName: chrome, chrome: {chromedriverVersion: 2.39.562718 (9a2698cba08cf5..., userDataDir: C:\Users\Yogesh\AppData\Loc...}, cssSelectorsEnabled: true, databaseEnabled: false, handlesAlerts: true, hasTouchScreen: false, javascriptEnabled: true, locationContextEnabled: true, mobileEmulationEnabled: false, nativeEvents: true, networkConnectionEnabled: false, pageLoadStrategy: normal, platform: XP, platformName: XP, rotatable: false, setWindowRect: true, takesHeapSnapshot: true, takesScreenshot: true, unexpectedAlertBehaviour: , unhandledPromptBehavior: , version: 74.0.3729.157, webStorageEnabled: true}
Session ID: e9ea44e5e443959039e4d6a776ca9a08
*** Element info: {Using=xpath, value=//a[@class='dt-mobile-menu-icon']}
	at org.openqa.selenium.remote.ErrorHandler.createThrowable(ErrorHandler.java:214)
	at org.openqa.selenium.remote.ErrorHandler.throwIfResponseFailed(ErrorHandler.java:166)
	at org.openqa.selenium.remote.http.JsonHttpResponseCodec.reconstructValue(JsonHttpResponseCodec.java:40)
	at org.openqa.selenium.remote.http.AbstractHttpResponseCodec.decode(AbstractHttpResponseCodec.java:80)
	at org.openqa.selenium.remote.http.AbstractHttpResponseCodec.decode(AbstractHttpResponseCodec.java:44)
	at org.openqa.selenium.remote.HttpCommandExecutor.execute(HttpCommandExecutor.java:158)
	at org.openqa.selenium.remote.service.DriverCommandExecutor.execute(DriverCommandExecutor.java:83)
	at org.openqa.selenium.remote.RemoteWebDriver.execute(RemoteWebDriver.java:552)
	at org.openqa.selenium.remote.RemoteWebDriver.findElement(RemoteWebDriver.java:323)
	at org.openqa.selenium.remote.RemoteWebDriver.findElementByXPath(RemoteWebDriver.java:428)
	at org.openqa.selenium.By$ByXPath.findElement(By.java:353)
	at org.openqa.selenium.remote.RemoteWebDriver.findElement(RemoteWebDriver.java:315)
	at Basic.myIframe.test(myIframe.java:17)
... Removed 28 stack frames]]>
    </failure>
  </testcase> <!-- test -->
  <testcase name="test" time="71.389" classname="Basic.MyimplicitWait"/>
  <testcase name="test" time="89.434" classname="Basic.MymultipleWindow"/>
  <testcase name="myselectionlist" time="0.027" classname="Basic.Myscreenshot">
    <failure type="java.lang.Error" message="Unresolved compilation problems: 
	Syntax error, insert &amp;quot;( )&amp;quot; to complete ClassInstanceCreationExpression
	Syntax error, insert &amp;quot;;&amp;quot; to complete LocalVariableDeclarationStatement
	simpleDate cannot be resolved to a type
">
      <![CDATA[java.lang.Error: Unresolved compilation problems: 
	Syntax error, insert "( )" to complete ClassInstanceCreationExpression
	Syntax error, insert ";" to complete LocalVariableDeclarationStatement
	simpleDate cannot be resolved to a type

	at Basic.Myscreenshot.myselectionlist(Myscreenshot.java:19)
... Removed 24 stack frames]]>
    </failure>
  </testcase> <!-- myselectionlist -->
  <testcase name="myselectionlist" time="74.675" classname="Basic.mySelectionList"/>
  <testcase name="myselectionlist" time="0.099" classname="Basic.MyTable">
    <failure type="java.lang.Error" message="Unresolved compilation problems: 
	table cannot be resolved
	table cannot be resolved
	Syntax error, insert &amp;quot;; ) Statement&amp;quot; to complete ForStatement
	Type mismatch: cannot convert from int to boolean
">
      <![CDATA[java.lang.Error: Unresolved compilation problems: 
	table cannot be resolved
	table cannot be resolved
	Syntax error, insert "; ) Statement" to complete ForStatement
	Type mismatch: cannot convert from int to boolean

	at Basic.MyTable.myselectionlist(MyTable.java:24)
... Removed 24 stack frames]]>
    </failure>
  </testcase> <!-- myselectionlist -->
  <testcase name="myselectionlist" time="0.0" classname="Basic.Tahbleutil">
    <failure type="java.lang.Error" message="Unresolved compilation problems: 
	Tableutil cannot be resolved to a type
	Tableutil cannot be resolved to a type
">
      <![CDATA[java.lang.Error: Unresolved compilation problems: 
	Tableutil cannot be resolved to a type
	Tableutil cannot be resolved to a type

	at Basic.Tahbleutil.myselectionlist(Tahbleutil.java:16)
... Removed 24 stack frames]]>
    </failure>
  </testcase> <!-- myselectionlist -->
</testsuite> <!-- AllClassesFromPackage -->
